<?xml version="1.0" encoding="utf-8"?><testsuites name="pytest tests"><testsuite name="pytest" errors="0" failures="0" skipped="0" tests="32" time="2.320" timestamp="2026-04-20T10:57:43.194519+00:00" hostname="agent-env-ca8c2470-0cc6-4cf6-9537-83dacd7f2723"><testcase classname="backend.tests.backend_test.TestPublic" name="test_root" time="0.252" /><testcase classname="backend.tests.backend_test.TestPublic" name="test_products_list" time="0.053" /><testcase classname="backend.tests.backend_test.TestPublic" name="test_auth_me_unauthenticated" time="0.054" /><testcase classname="backend.tests.backend_test.TestRegistrations" name="test_create_registration" time="0.054" /><testcase classname="backend.tests.backend_test.TestRegistrations" name="test_list_registrations_unauth" time="0.046" /><testcase classname="backend.tests.backend_test.TestRegistrations" name="test_list_registrations_admin" time="0.146" /><testcase classname="backend.tests.backend_test.TestRegistrations" name="test_upload_receipt" time="0.053" /><testcase classname="backend.tests.backend_test.TestRegistrations" name="test_receipt_set_pending" time="0.048" /><testcase classname="backend.tests.backend_test.TestRegistrations" name="test_admin_update_payment_paid" time="0.096" /><testcase classname="backend.tests.backend_test.TestRegistrations" name="test_update_payment_invalid_status" time="0.050" /><testcase classname="backend.tests.backend_test.TestRegistrations" name="test_receipt_for_missing_reg" time="0.055" /><testcase classname="backend.tests.backend_test.TestOrders" name="test_create_order" time="0.050" /><testcase classname="backend.tests.backend_test.TestOrders" name="test_create_order_invalid_product" time="0.047" /><testcase classname="backend.tests.backend_test.TestOrders" name="test_list_orders_unauth" time="0.047" /><testcase classname="backend.tests.backend_test.TestOrders" name="test_list_orders_admin" time="0.048" /><testcase classname="backend.tests.backend_test.TestOrders" name="test_upload_order_receipt" time="0.048" /><testcase classname="backend.tests.backend_test.TestOrders" name="test_admin_update_order_payment" time="0.096" /><testcase classname="backend.tests.backend_test.TestTreasureHunt" name="test_submit_and_leaderboard" time="0.198" /><testcase classname="backend.tests.backend_test.TestAdmin" name="test_stats_unauth" time="0.046" /><testcase classname="backend.tests.backend_test.TestAdmin" name="test_stats_admin" time="0.053" /><testcase classname="backend.tests.backend_test.TestAdmin" name="test_export_registrations_unauth" time="0.047" /><testcase classname="backend.tests.backend_test.TestAdmin" name="test_export_registrations_admin" time="0.049" /><testcase classname="backend.tests.backend_test.TestAdmin" name="test_export_orders_admin" time="0.046" /><testcase classname="backend.tests.backend_test.TestAdmin" name="test_auth_me_admin" time="0.048" /><testcase classname="backend.tests.backend_test.TestCheckIns" name="test_create_checkin" time="0.047" /><testcase classname="backend.tests.backend_test.TestCheckIns" name="test_create_checkin_minimal" time="0.047" /><testcase classname="backend.tests.backend_test.TestCheckIns" name="test_create_checkin_missing_required" time="0.050" /><testcase classname="backend.tests.backend_test.TestCheckIns" name="test_count_checkins_public" time="0.049" /><testcase classname="backend.tests.backend_test.TestCheckIns" name="test_list_checkins_unauth" time="0.048" /><testcase classname="backend.tests.backend_test.TestCheckIns" name="test_list_checkins_admin" time="0.049" /><testcase classname="backend.tests.backend_test.TestCheckIns" name="test_count_checkins_unknown_event" time="0.048" /><testcase classname="backend.tests.backend_test.TestCheckIns" name="test_admin_stats_checkins_total_increased" time="0.050" /></testsuite></testsuites>