<?xml version="1.0" encoding="utf-8"?><testsuites name="pytest tests"><testsuite name="pytest" errors="0" failures="0" skipped="0" tests="29" time="2.590" timestamp="2026-04-20T08:58:54.679550+00:00" hostname="agent-env-ca8c2470-0cc6-4cf6-9537-83dacd7f2723"><testcase classname="backend.tests.test_tournament.TestAuthGuards" name="test_teams_import_requires_admin" time="0.195" /><testcase classname="backend.tests.test_tournament.TestAuthGuards" name="test_fixtures_import_requires_admin" time="0.048" /><testcase classname="backend.tests.test_tournament.TestAuthGuards" name="test_create_team_requires_admin" time="0.045" /><testcase classname="backend.tests.test_tournament.TestAuthGuards" name="test_create_match_requires_admin" time="0.050" /><testcase classname="backend.tests.test_tournament.TestAuthGuards" name="test_patch_match_requires_admin" time="0.046" /><testcase classname="backend.tests.test_tournament.TestAuthGuards" name="test_config_patch_requires_admin" time="0.045" /><testcase classname="backend.tests.test_tournament.TestAuthGuards" name="test_export_fixtures_requires_admin" time="0.047" /><testcase classname="backend.tests.test_tournament.TestDefaults" name="test_teams_empty" time="0.050" /><testcase classname="backend.tests.test_tournament.TestDefaults" name="test_fixtures_empty" time="0.047" /><testcase classname="backend.tests.test_tournament.TestDefaults" name="test_groups_empty" time="0.047" /><testcase classname="backend.tests.test_tournament.TestDefaults" name="test_bracket_empty" time="0.047" /><testcase classname="backend.tests.test_tournament.TestDefaults" name="test_live_for_sport_empty" time="0.048" /><testcase classname="backend.tests.test_tournament.TestDefaults" name="test_config_default" time="0.044" /><testcase classname="backend.tests.test_tournament.TestImports" name="test_import_teams" time="0.128" /><testcase classname="backend.tests.test_tournament.TestImports" name="test_teams_listed_after_import" time="0.046" /><testcase classname="backend.tests.test_tournament.TestImports" name="test_import_fixtures" time="0.047" /><testcase classname="backend.tests.test_tournament.TestImports" name="test_fixtures_listed" time="0.046" /><testcase classname="backend.tests.test_tournament.TestImports" name="test_fixtures_filter_round" time="0.047" /><testcase classname="backend.tests.test_tournament.TestImports" name="test_bracket_has_qf" time="0.046" /><testcase classname="backend.tests.test_tournament.TestMatchFlow" name="test_set_match_live" time="0.094" /><testcase classname="backend.tests.test_tournament.TestMatchFlow" name="test_live_endpoints_reflect_status" time="0.096" /><testcase classname="backend.tests.test_tournament.TestMatchFlow" name="test_score_update_and_finish_auto_winner" time="0.141" /><testcase classname="backend.tests.test_tournament.TestMatchFlow" name="test_standings_after_one_match" time="0.045" /><testcase classname="backend.tests.test_tournament.TestMatchFlow" name="test_live_empty_after_finished" time="0.043" /><testcase classname="backend.tests.test_tournament.TestConfig" name="test_patch_config_persists" time="0.104" /><testcase classname="backend.tests.test_tournament.TestExports" name="test_export_fixtures_csv" time="0.049" /><testcase classname="backend.tests.test_tournament.TestRegression" name="test_products_still_works" time="0.044" /><testcase classname="backend.tests.test_tournament.TestRegression" name="test_admin_stats_still_works" time="0.048" /><testcase classname="backend.tests.test_tournament.TestRegression" name="test_auth_me_admin" time="0.690" /></testsuite></testsuites>